<?xml version="1.0" encoding="UTF-8"?>
<!-- Generated by org.testng.reporters.JUnitXMLReporter -->
<testsuite ignored="0" hostname="LTIN230084" failures="0" tests="3" name="Default test" time="118.818" errors="0" timestamp="2024-02-29T10:25:25 IST">
  <testcase classname="Tests.MonthandYear_Test" name="openApp" time="95.512"/>
  <testcase classname="Tests.MonthandYear_Test" name="button" time="16.954"/>
  <testcase classname="Tests.MonthandYear_Test" name="yearAndMonth_Emi" time="6.283"/>
</testsuite> <!-- Default test -->
