<?xml version="1.0" encoding="UTF-8"?>
<!-- Generated by org.testng.reporters.JUnitXMLReporter -->
<testsuite ignored="0" hostname="LTIN230084" failures="0" tests="7" name="Default test" time="196.148" errors="0" timestamp="2024-03-07T09:33:54 IST">
  <testcase classname="TestCases.Home_Loan_Test" name="openApp" time="147.752"/>
  <testcase classname="TestCases.Home_Loan_Test" name="homeLoan" time="2.116"/>
  <testcase classname="TestCases.Home_Loan_Test" name="loan_amount" time="4.962"/>
  <testcase classname="TestCases.Home_Loan_Test" name="interest_rate" time="2.429"/>
  <testcase classname="TestCases.Home_Loan_Test" name="Loan_tenure" time="2.56"/>
  <testcase classname="TestCases.Home_Loan_Test" name="printHL" time="3.332"/>
  <testcase classname="TestCases.Home_Loan_Test" name="storeDataInexcel" time="32.932"/>
</testsuite> <!-- Default test -->
