<?xml version="1.0" encoding="UTF-8"?>
<!-- Generated by org.testng.reporters.JUnitXMLReporter -->
<testsuite ignored="12" hostname="LTIN230084" failures="0" tests="33" name="Test" time="223.624" errors="0" timestamp="2024-03-08T16:25:09 IST">
  <testcase classname="TestCases.Car_Loan_Test" name="openApp" time="5.88"/>
  <testcase classname="TestCases.Car_Loan_Test" name="carLoan" time="9.478"/>
  <testcase classname="TestCases.Car_Loan_Test" name="carInterestRate" time="4.97"/>
  <testcase classname="TestCases.Car_Loan_Test" name="carLoanTenure" time="3.781"/>
  <testcase classname="TestCases.Car_Loan_Test" name="carIAPA" time="14.356"/>
  <testcase classname="TestCases.Home_Loan_Test" name="openApp" time="1.52"/>
  <testcase classname="TestCases.Home_Loan_Test" name="homeLoan" time="2.348"/>
  <testcase classname="TestCases.Home_Loan_Test" name="loan_amount" time="5.167"/>
  <testcase classname="TestCases.Home_Loan_Test" name="interest_rate" time="2.909"/>
  <testcase classname="TestCases.Home_Loan_Test" name="Loan_tenure" time="3.501"/>
  <testcase classname="TestCases.Home_Loan_Test" name="printHL" time="3.471"/>
  <testcase classname="TestCases.Home_Loan_Test" name="storeDataInexcel" time="38.0"/>
  <testcase classname="TestCases.UICheck_EMICal" name="setupApp" time="1.613"/>
  <testcase classname="TestCases.UICheck_EMICal" name="Menubutton" time="8.537"/>
  <testcase classname="TestCases.UICheck_EMICal" name="LoanAmount" time="5.871"/>
  <testcase classname="TestCases.UICheck_EMICal" name="Interest_Rate" time="7.66"/>
  <testcase classname="TestCases.UICheck_EMICal" name="Loan_Tenure" time="7.698"/>
  <testcase classname="TestCases.UICheck_EMICal" name="feescharges" time="7.626"/>
  <testcase classname="TestCases.UICheck_LoanAmountCal" name="setupApp" time="1.136"/>
  <testcase classname="TestCases.UICheck_LoanAmountCal" name="Menubutton" time="7.668"/>
  <testcase classname="TestCases.UICheck_LoanAmountCal" name="Loanamount" time="6.608"/>
  <testcase classname="TestCases.UICheck_LoanAmountCal" name="interestRate" time="6.682"/>
  <testcase classname="TestCases.UICheck_LoanAmountCal" name="LoanTenure" time="6.584"/>
  <testcase classname="TestCases.UICheck_LoanAmountCal" name="feesCharges" time="6.804"/>
  <testcase classname="TestCases.UICheck_LoanTenureCal" name="setupApp" time="1.691"/>
  <testcase classname="TestCases.UICheck_LoanTenureCal" name="Menubutton" time="7.473"/>
  <testcase classname="TestCases.UICheck_LoanTenureCal" name="LoanAmount" time="5.601"/>
  <testcase classname="TestCases.UICheck_LoanTenureCal" name="EMI_check" time="7.597"/>
  <testcase classname="TestCases.UICheck_LoanTenureCal" name="Loan_Interest" time="7.606"/>
  <testcase classname="TestCases.UICheck_LoanTenureCal" name="feescharges" time="7.612"/>
  <testcase classname="TestCases.MonthandYear_Test" name="openApp" time="1.801"/>
  <testcase classname="TestCases.MonthandYear_Test" name="button" time="6.973"/>
  <testcase classname="TestCases.MonthandYear_Test" name="yearAndMonth_Emi" time="6.532"/>
  <testcase classname="BaseTests.BaseTest1" name="@AfterSuite exit" time="0.0">
    <ignored/>
  </testcase> <!-- @AfterSuite exit -->
  <testcase classname="BaseTests.BaseTest1" name="@AfterSuite exit" time="0.0">
    <ignored/>
  </testcase> <!-- @AfterSuite exit -->
  <testcase classname="BaseTests.BaseTest1" name="@AfterSuite exit" time="0.0">
    <ignored/>
  </testcase> <!-- @AfterSuite exit -->
  <testcase classname="BaseTests.BaseTest1" name="@AfterSuite exit" time="0.0">
    <ignored/>
  </testcase> <!-- @AfterSuite exit -->
  <testcase classname="BaseTests.BaseTest1" name="@AfterSuite exit" time="0.0">
    <ignored/>
  </testcase> <!-- @AfterSuite exit -->
  <testcase classname="BaseTests.BaseTest1" name="@AfterSuite exit" time="0.0">
    <ignored/>
  </testcase> <!-- @AfterSuite exit -->
  <testcase classname="BaseTests.BaseTest1" name="@BeforeSuite setupDriver" time="0.0">
    <ignored/>
  </testcase> <!-- @BeforeSuite setupDriver -->
  <testcase classname="BaseTests.BaseTest1" name="@BeforeSuite setupDriver" time="0.0">
    <ignored/>
  </testcase> <!-- @BeforeSuite setupDriver -->
  <testcase classname="BaseTests.BaseTest1" name="@BeforeSuite setupDriver" time="0.0">
    <ignored/>
  </testcase> <!-- @BeforeSuite setupDriver -->
  <testcase classname="BaseTests.BaseTest1" name="@BeforeSuite setupDriver" time="0.0">
    <ignored/>
  </testcase> <!-- @BeforeSuite setupDriver -->
  <testcase classname="BaseTests.BaseTest1" name="@BeforeSuite setupDriver" time="0.0">
    <ignored/>
  </testcase> <!-- @BeforeSuite setupDriver -->
  <testcase classname="BaseTests.BaseTest1" name="@BeforeSuite setupDriver" time="0.0">
    <ignored/>
  </testcase> <!-- @BeforeSuite setupDriver -->
</testsuite> <!-- Test -->
