<?xml version="1.0" encoding="UTF-8"?>
<!-- Generated by org.testng.reporters.JUnitXMLReporter -->
<testsuite ignored="12" hostname="LTIN230084" failures="0" tests="33" name="Test" time="212.597" errors="0" timestamp="2024-02-29T10:39:07 IST">
  <testcase classname="Tests.Car_Loan_Test" name="openApp" time="5.179"/>
  <testcase classname="Tests.Car_Loan_Test" name="carLoan" time="7.724"/>
  <testcase classname="Tests.Car_Loan_Test" name="carInterestRate" time="4.649"/>
  <testcase classname="Tests.Car_Loan_Test" name="carLoanTenure" time="3.64"/>
  <testcase classname="Tests.Car_Loan_Test" name="carIAPA" time="14.478"/>
  <testcase classname="Tests.Home_Loan_Test" name="openApp" time="1.358"/>
  <testcase classname="Tests.Home_Loan_Test" name="homeLoan" time="2.19"/>
  <testcase classname="Tests.Home_Loan_Test" name="loan_amount" time="5.029"/>
  <testcase classname="Tests.Home_Loan_Test" name="interest_rate" time="2.711"/>
  <testcase classname="Tests.Home_Loan_Test" name="Loan_tenure" time="2.799"/>
  <testcase classname="Tests.Home_Loan_Test" name="printHL" time="3.453"/>
  <testcase classname="Tests.Home_Loan_Test" name="storeDataInexcel" time="36.209"/>
  <testcase classname="Tests.UICheck_EMICal" name="setupApp" time="1.424"/>
  <testcase classname="Tests.UICheck_EMICal" name="Menubutton" time="7.666"/>
  <testcase classname="Tests.UICheck_EMICal" name="LoanAmount" time="5.632"/>
  <testcase classname="Tests.UICheck_EMICal" name="Interest_Rate" time="7.638"/>
  <testcase classname="Tests.UICheck_EMICal" name="Loan_Tenure" time="7.559"/>
  <testcase classname="Tests.UICheck_EMICal" name="feescharges" time="7.573"/>
  <testcase classname="Tests.UICheck_LoanAmountCal" name="setupApp" time="1.013"/>
  <testcase classname="Tests.UICheck_LoanAmountCal" name="Menubutton" time="6.761"/>
  <testcase classname="Tests.UICheck_LoanAmountCal" name="Loanamount" time="6.539"/>
  <testcase classname="Tests.UICheck_LoanAmountCal" name="interestRate" time="6.591"/>
  <testcase classname="Tests.UICheck_LoanAmountCal" name="LoanTenure" time="6.651"/>
  <testcase classname="Tests.UICheck_LoanAmountCal" name="feesCharges" time="6.623"/>
  <testcase classname="Tests.UICheck_LoanTenureCal" name="setupApp" time="1.185"/>
  <testcase classname="Tests.UICheck_LoanTenureCal" name="Menubutton" time="6.769"/>
  <testcase classname="Tests.UICheck_LoanTenureCal" name="LoanAmount" time="5.582"/>
  <testcase classname="Tests.UICheck_LoanTenureCal" name="EMI_check" time="7.583"/>
  <testcase classname="Tests.UICheck_LoanTenureCal" name="Loan_Interest" time="7.688"/>
  <testcase classname="Tests.UICheck_LoanTenureCal" name="feescharges" time="7.634"/>
  <testcase classname="Tests.MonthandYear_Test" name="openApp" time="1.062"/>
  <testcase classname="Tests.MonthandYear_Test" name="button" time="6.703"/>
  <testcase classname="Tests.MonthandYear_Test" name="yearAndMonth_Emi" time="6.482"/>
  <testcase classname="BaseTests.BaseTest1" name="@AfterSuite exit" time="0.0">
    <ignored/>
  </testcase> <!-- @AfterSuite exit -->
  <testcase classname="BaseTests.BaseTest1" name="@AfterSuite exit" time="0.0">
    <ignored/>
  </testcase> <!-- @AfterSuite exit -->
  <testcase classname="BaseTests.BaseTest1" name="@AfterSuite exit" time="0.0">
    <ignored/>
  </testcase> <!-- @AfterSuite exit -->
  <testcase classname="BaseTests.BaseTest1" name="@AfterSuite exit" time="0.0">
    <ignored/>
  </testcase> <!-- @AfterSuite exit -->
  <testcase classname="BaseTests.BaseTest1" name="@AfterSuite exit" time="0.0">
    <ignored/>
  </testcase> <!-- @AfterSuite exit -->
  <testcase classname="BaseTests.BaseTest1" name="@AfterSuite exit" time="0.0">
    <ignored/>
  </testcase> <!-- @AfterSuite exit -->
  <testcase classname="BaseTests.BaseTest1" name="@BeforeSuite setupDriver" time="0.0">
    <ignored/>
  </testcase> <!-- @BeforeSuite setupDriver -->
  <testcase classname="BaseTests.BaseTest1" name="@BeforeSuite setupDriver" time="0.0">
    <ignored/>
  </testcase> <!-- @BeforeSuite setupDriver -->
  <testcase classname="BaseTests.BaseTest1" name="@BeforeSuite setupDriver" time="0.0">
    <ignored/>
  </testcase> <!-- @BeforeSuite setupDriver -->
  <testcase classname="BaseTests.BaseTest1" name="@BeforeSuite setupDriver" time="0.0">
    <ignored/>
  </testcase> <!-- @BeforeSuite setupDriver -->
  <testcase classname="BaseTests.BaseTest1" name="@BeforeSuite setupDriver" time="0.0">
    <ignored/>
  </testcase> <!-- @BeforeSuite setupDriver -->
  <testcase classname="BaseTests.BaseTest1" name="@BeforeSuite setupDriver" time="0.0">
    <ignored/>
  </testcase> <!-- @BeforeSuite setupDriver -->
</testsuite> <!-- Test -->
